Description: <short summary of the patch>
 TODO: Put a short summary on the line above and replace this paragraph
 with a longer explanation of this change. Complete the meta-information
 with other relevant fields (see below for details). To make it easier, the
 information below has been extracted from the changelog. Adjust it or drop
 it.
 .
 securityonion-nsmnow-admin-scripts (20120724-0ubuntu0securityonion20) precise; urgency=low
 .
   * fix bug when determining Bro http.log
Author: Doug Burks <doug.burks@gmail.com>

---
The information above should follow the Patch Tagging Guidelines, please
checkout http://dep.debian.net/deps/dep3/ to learn about the format. Here
are templates for supplementary fields that you might want to add:

Origin: <vendor|upstream|other>, <url of original patch>
Bug: <url in upstream bugtracker>
Bug-Debian: http://bugs.debian.org/<bugnumber>
Bug-Ubuntu: https://launchpad.net/bugs/<bugnumber>
Forwarded: <no|not-needed|url proving that it has been forwarded>
Reviewed-By: <name and email of someone who approved the patch>
Last-Update: <YYYY-MM-DD>

--- securityonion-nsmnow-admin-scripts-20120724.orig/usr/sbin/nsm_sensor_ps-start
+++ securityonion-nsmnow-admin-scripts-20120724/usr/sbin/nsm_sensor_ps-start
@@ -476,11 +476,10 @@ do
 
 	# start http_agent
 	# http_agent is going to read the Bro http.log
-	# If Bro is monitoring a single interface, it will be http.log
-	# If Bro is monitoring multiple interfaces, the http.log will be per-interface:
+	# If Bro is running in standalone mode, it will be http.log
+	# If Bro is running in cluster mode, then http.log will be per-interface:
 	# http_eth0.log, http_eth1.log, etc.
-	NUM_INTERFACES=`grep -v "^#" /etc/nsm/sensortab | wc -l`
-	if [ "$NUM_INTERFACES" -eq 1 ]; then
+	if grep "type=standalone" /opt/bro/etc/node.cfg >/dev/null; then
                 BRO_HTTP_LOG=/nsm/bro/spool/bro/http.log
 	else
 		BRO_HTTP_LOG=/nsm/bro/spool/bro/http_$SENSOR_INTERFACE_SHORT.log
--- securityonion-nsmnow-admin-scripts-20120724.orig/usr/sbin/nsm_sensor_ps-restart
+++ securityonion-nsmnow-admin-scripts-20120724/usr/sbin/nsm_sensor_ps-restart
@@ -484,11 +484,10 @@ do
 
         # start http_agent
         # http_agent is going to read the Bro http.log
-        # If Bro is monitoring a single interface, it will be http.log
-        # If Bro is monitoring multiple interfaces, the http.log will be per-interface:
+        # If Bro is running in standalone mode, it will be http.log
+        # If Bro is running in cluster mode, then http.log will be per-interface:
         # http_eth0.log, http_eth1.log, etc.
-        NUM_INTERFACES=`grep -v "^#" /etc/nsm/sensortab | wc -l`
-        if [ "$NUM_INTERFACES" -eq 1 ]; then
+        if grep "type=standalone" /opt/bro/etc/node.cfg >/dev/null; then
                 BRO_HTTP_LOG=/nsm/bro/spool/bro/http.log
         else
                 BRO_HTTP_LOG=/nsm/bro/spool/bro/http_$SENSOR_INTERFACE_SHORT.log
